<?xml version="1.0" encoding="UTF-8" ?>
<testsuite tests="18" failures="2" name="TestSuite" time="45.619" errors="0" skipped="0">
  <properties>
[...]
</properties>
  <testcase classname="testcase.Kline" name="testConnection" time="0.031"/>
  <testcase classname="testcase.Kline" name="testMessage" time="3.124"/>
  <testcase classname="testcase.Kline" name="testMessage" time="3.014"/>
  <testcase classname="testcase.Kline" name="testMessage" time="3.015"/>
  <testcase classname="testcase.Kline" name="testMessage" time="3.075">
    <failure message="The following asserts failed:
	Symbol is incorrect expected [XRPUSDT] but found [BTCUSDT],
	SymbolName is incorrect expected [XRPUSDT] but found [BTCUSDT],
	KlineType is incorrect expected [1h] but found [1m],
	Trading Pair is incorrect expected [XRPUSDT] but found [BTCUSDT],
	Trading Pair is incorrect expected [XRPUSDT] but found [BTCUSDT]" type="java.lang.AssertionError">java.lang.AssertionError: The following asserts failed:
	Symbol is incorrect expected [XRPUSDT] but found [BTCUSDT],
	SymbolName is incorrect expected [XRPUSDT] but found [BTCUSDT],
	KlineType is incorrect expected [1h] but found [1m],
	Trading Pair is incorrect expected [XRPUSDT] but found [BTCUSDT],
	Trading Pair is incorrect expected [XRPUSDT] but found [BTCUSDT]
	at org.testng.asserts.SoftAssert.assertAll(SoftAssert.java:43)
	at testcase.Kline.testMessage(Kline.java:113)
</failure>
    <system-out>INFO	2022-03-28 12:01:54,488	14406	BybitWebSocketTest	[main]	{&quot;symbol&quot;:&quot;BTCUSDT&quot;,&quot;symbolName&quot;:&quot;BTCUSDT&quot;,&quot;topic&quot;:&quot;kline&quot;,&quot;params&quot;:{&quot;realtimeInterval&quot;:&quot;24h&quot;,&quot;klineType&quot;:&quot;1m&quot;,&quot;binary&quot;:&quot;FALSE&quot;},&quot;data&quot;:[{&quot;t&quot;:1648440060000,&quot;s&quot;:&quot;BTCUSDT&quot;,&quot;sn&quot;:&quot;BTCUSDT&quot;,&quot;c&quot;:&quot;46507.11&quot;,&quot;h&quot;:&quot;46507.11&quot;,&quot;l&quot;:&quot;46507.11&quot;,&quot;o&quot;:&quot;46507.11&quot;,&quot;v&quot;:&quot;0.000474&quot;}],&quot;f&quot;:false,&quot;sendTime&quot;:1648440112021}
</system-out>
  </testcase>
  <testcase classname="testcase.Kline" name="testMessage" time="2.991"/>
  <testcase classname="testcase.RealTimes" name="testConnection" time="0.001"/>
  <testcase classname="testcase.RealTimes" name="testMessage" time="3.049"/>
  <testcase classname="testcase.RealTimes" name="testMessage" time="3.025"/>
  <testcase classname="testcase.RealTimes" name="testMessage" time="3.026"/>
  <testcase classname="testcase.RealTimes" name="testMessage" time="3.016"/>
  <testcase classname="testcase.RealTimes" name="testMessage" time="3.038"/>
  <testcase classname="testcase.Trade" name="testConnection" time="0.001"/>
  <testcase classname="testcase.Trade" name="testMessage" time="3.042"/>
  <testcase classname="testcase.Trade" name="testMessage" time="3.054"/>
  <testcase classname="testcase.Trade" name="testMessage" time="3.034"/>
  <testcase classname="testcase.Trade" name="testMessage" time="3.057"/>
  <testcase classname="testcase.Trade" name="testMessage" time="3.026">
    <failure message="The following asserts failed:
	Symbol is incorrect expected [DOTUSDT] but found [BITUSDT],
	SymbolName is incorrect expected [DOTUSDT] but found [BITUSDT]" type="java.lang.AssertionError">java.lang.AssertionError: The following asserts failed:
	Symbol is incorrect expected [DOTUSDT] but found [BITUSDT],
	SymbolName is incorrect expected [DOTUSDT] but found [BITUSDT]
	at org.testng.asserts.SoftAssert.assertAll(SoftAssert.java:43)
	at testcase.Trade.testMessage(Trade.java:106)
</failure>
    <system-out>INFO	2022-03-28 12:02:33,012	52930	BybitWebSocketTest	[main]	{&quot;symbol&quot;:&quot;BITUSDT&quot;,&quot;symbolName&quot;:&quot;BITUSDT&quot;,&quot;topic&quot;:&quot;trade&quot;,&quot;params&quot;:{&quot;realtimeInterval&quot;:&quot;24h&quot;,&quot;binary&quot;:&quot;FALSE&quot;},&quot;data&quot;:[{&quot;v&quot;:&quot;2120000000000104911&quot;,&quot;t&quot;:1648440151051,&quot;p&quot;:&quot;1.736&quot;,&quot;q&quot;:&quot;7.14&quot;,&quot;m&quot;:false}],&quot;f&quot;:false,&quot;sendTime&quot;:1648440151093}
</system-out>
  </testcase>
</testsuite>